## beta
windows 使用 rustdesk 中继服务器 82.156.177.89  key:5fxqjdnjlFaYjZpZg7GWNLGXyDml3S+t6Jtwttc8bRw=
```
例如 PC_0007  rustdesk输入201993053/bucky0809 进行连接
```
linux 使用ssh 每个机器在路由器上配置了端口映射开放了ssh连接
```
例如 PC_0001 ssh 192.168.100.205:10024 root/123456
```

| 机器名称	 |   功能	                     |  路由器	       | NAT类型	  | IP 					            | 操作系统		          | 	    远程连接方式 	| 连接端口&编号|
| ---------- | ---------------------------   | ---------------- | ---------------------| ----------------------------------------- | ------------------------| --------------------------- |-------------|
| PC_0021    |   Zone2_Runtime4	             |  beta            | Port Restricted Cone | 192.168.200.14            		| Windows10               | bucky123456           |	 258475756      |
| PC_0022    |   Zone1_Standby_OOD           |  beta            | Port Restricted Cone | 192.168.200.12            		| Ubuntu22.04             | root/123456           |	 40012       |
| PC_0023    |   Zone2_Runtime3              |  beta            | Port Restricted Cone | 192.168.200.16           		| Windows10               | bucky123456           |	 258477155      |
| PC_0024    |   Zone1_Runtime1              |  beta            | Port Restricted Cone | 192.168.200.18           		| Windows10               | bucky123456           |	 258476951      |
| PC_0025    |   Zone1_OOD                   |  beta            | Port Restricted Cone | 192.168.200.13            		| Ubuntu22.04             | root/123456           |  40013       |
| PC_0026    |   Zone2_OOD                   |  beta            | Port Restricted Cone | 192.168.100.249             	| Ubuntu22.04             | root/123456           |  22          |
| PC_0027    |   Zone1_Runtime2              |  beta            | Port Restricted Cone | 192.168.100.83             	| Windows10               | bucky123456           |  258477131      |
| PC_0028    |   dec_app server              |  beta            | Port Restricted Cone | 192.168.100.18             	| Windows10               | bucky123456           |        |


## lab 

| 机器名称	 |   功能	                     |  路由器	       | NAT类型	  | IP 					            | 操作系统		          | 	    远程连接方式 	| 连接端口&编号|
| ---------- | ---------------------------   | ---------------- | ---------------------| ----------------------------------------- | ------------------------| --------------------------- |-------------|
| PC_0001    |   Test Server	             |  Bucky           | pubic                | 192.168.200.175            		| Ubuntu22                | root/123456           	|	 10024       |
| PC_0002    |   SN1		                 |  Bucky           | pubic                | 192.168.200.238              		| CentOS8.3               | root/123456           	|	 10022       |
| PC_0003    |   PN1		                 |  Bucky           | pubic                | 192.168.200.207            		| Ubuntu20.04             | root/123456           	|	 10026       |
| PC_0004    |   SN2/PN2		             |  Bucky           | pubic                | 192.168.200.181             		| CentOS8.5               | root/123456           	|	 10027       |
| PC_0005    |   Agent&Zone1_OOD             |  Bucky           | pubic                | 192.168.200.161             		| CentOS8.5               | root/123456           	|    10025       |
| PC_0006    |   Agent&Zone1_Standby_OOD     |  Router8         | Symmetric            | 10.1.1.236             			| Ubuntu 20.04            | root/123456           	|    30024       |
| PC_0007    |   Agent&Zone1_Device1         |  Router2         | Port Restricted Cone | 10.1.2.189             		    | Windows10               | bucky123456           	|    201993053   |
| PC_0008    |   Agent&Zone2_Standby_OOD     |  Router3         | Symmetric            | 10.1.1.199             			| Ubuntu20.04             | root/123456           	|    30026       |
| PC_0009    |   Agent&Zone2_Device1         |  Router2&Router3 | pubic                | 10.1.1.132|10.1.2.131   		    | Windows10               | bucky123456            	|    214467966   |
| PC_0010    |   Agent&Zone1_Device2         |  Router5         | Port Restricted Cone | 192.168.10.137              		| Windows11               | bucky123456            	|    206963849   |
| PC_0011    |   Agent&Zone3_Standby_OOD1    |  Router1         | Full Cone            | 192.168.1.109             		    | Ubuntu20.04             | root/123456           	|    30022       |
| PC_0012    |   Agent&Zone2_OOD	         |  Bucky           | pubic                | 192.168.200.133            		| Debian11                | root/123456           	|    30028       |
| PC_0013    |   Agent&Zone3_Standby_OOD2    |  Router1&Router5 | Full Cone            | 192.168.1.182|192.168.10.171		| Ubuntu22                | root/123456           	|    30027       |
| PC_0014    |   Agent&Zone4_OOD             |  Router7         | Symmetric            | 192.168.1.139             		    | Windows10               | bucky123456            	|    216618654   |
| PC_0015    |   Agent&Zone3_Device2         |  Router6         | Port Restricted Cone | 192.168.1.145             		    | Windows7                | bucky123456            	|    204963422   |
| PC_0016    |   Agent&Zone2_Device2         |  Router6         | Port Restricted Cone | 192.168.1.109             		    | Windows11               | bucky123456           	|    204675181   |
| PC_0017    |   Agent&Zone4_Device1         |  Router1&Router6 | Full Cone            | 192.168.1.177	                    | Windows10               | bucky123456            	|    212214302   |
| PC_0018    |   Agent&Zone3_OOD             |  Bucky           | pubic                | 192.168.200.151	                | Ubuntu 22.04            | bucky/123456           	|    10028       |




